Running Task 1
Training for Task 1
Using device: cuda
# of GPU: 1

Device: cuda

<Initialize subword embedding>
loading= ./sstm_v0p5_deploy/sstm_v4p49_np_n36134_d128.dat
../../Dataset/subtask3/mdata.wst.txt.2023.08.23
  0%|          | 0/374 [00:00<?, ?it/s]  0%|          | 0/374 [00:00<?, ?it/s]
Traceback (most recent call last):
  File "/workspace/ETRI/FH_2024/subtask3/train.py", line 288, in <module>
    train()
  File "/workspace/ETRI/FH_2024/subtask3/train.py", line 225, in train
    logits = net(desc, coordi)
  File "/usr/local/lib/python3.10/dist-packages/torch/nn/modules/module.py", line 1501, in _call_impl
    return forward_call(*args, **kwargs)
  File "/workspace/ETRI/FH_2024/subtask3/net/model.py", line 33, in forward
    logits = self._policy(req, crd)
  File "/usr/local/lib/python3.10/dist-packages/torch/nn/modules/module.py", line 1501, in _call_impl
    return forward_call(*args, **kwargs)
  File "/workspace/ETRI/FH_2024/subtask3/net/policy.py", line 100, in forward
    crd_eval = self._evaluate_coordi(crd_tr[i], req)
  File "/workspace/ETRI/FH_2024/subtask3/net/policy.py", line 84, in _evaluate_coordi
    evl = self._mlp_eval(crd_and_req)
  File "/usr/local/lib/python3.10/dist-packages/torch/nn/modules/module.py", line 1501, in _call_impl
    return forward_call(*args, **kwargs)
  File "/usr/local/lib/python3.10/dist-packages/torch/nn/modules/container.py", line 217, in forward
    input = module(input)
  File "/usr/local/lib/python3.10/dist-packages/torch/nn/modules/module.py", line 1501, in _call_impl
    return forward_call(*args, **kwargs)
  File "/usr/local/lib/python3.10/dist-packages/torch/nn/modules/linear.py", line 114, in forward
    return F.linear(input, self.weight, self.bias)
RuntimeError: mat1 and mat2 shapes cannot be multiplied (16x516 and 2560x6000)
Evaluating on Task 1
Task 1 completed
------------------------
